PLINK v1.90b6.21 64-bit (19 Oct 2020)
Options in effect:
  --bfile results/1_qcGWAS/3_autoMAF/HapMap_auto
  --freq
  --out results/1_qcGWAS/3_autoMAF/checkMAF

Hostname: caclogin03
Working directory: /global/home/hpc4920/mareesTutorialGWAS/workflow
Start time: Mon Dec 18 17:21:41 2023

Random number seed: 1702938101
161009 MB RAM detected; reserving 80504 MB for main workspace.
1423833 variants loaded from .bim file.
164 people (80 males, 84 females) loaded from .fam.
112 phenotype values loaded from .fam.
Using 1 thread (no multithreaded calculations invoked).
Before main variant filters, 112 founders and 52 nonfounders present.
Calculating allele frequencies... done.
Total genotyping rate is 0.997677.
--freq: Allele frequencies (founders only) written to
results/1_qcGWAS/3_autoMAF/checkMAF.frq .

End time: Mon Dec 18 17:21:42 2023
