PLINK v1.90b6.21 64-bit (19 Oct 2020)
Options in effect:
  --bfile results/1_qcGWAS/3_autoMAF/HapMap_auto
  --maf 0.05
  --make-bed
  --out results/1_qcGWAS/3_autoMAF/HapMap_MAF

Hostname: caclogin03
Working directory: /global/home/hpc4920/mareesTutorialGWAS/workflow
Start time: Mon Dec 18 17:22:03 2023

Random number seed: 1702938123
161009 MB RAM detected; reserving 80504 MB for main workspace.
1423833 variants loaded from .bim file.
164 people (80 males, 84 females) loaded from .fam.
112 phenotype values loaded from .fam.
Using 1 thread (no multithreaded calculations invoked).
Before main variant filters, 112 founders and 52 nonfounders present.
Calculating allele frequencies... done.
Total genotyping rate is 0.997677.
331344 variants removed due to minor allele threshold(s)
(--maf/--max-maf/--mac/--max-mac).
1092489 variants and 164 people pass filters and QC.
Among remaining phenotypes, 56 are cases and 56 are controls.  (52 phenotypes
are missing.)
--make-bed to results/1_qcGWAS/3_autoMAF/HapMap_MAF.bed +
results/1_qcGWAS/3_autoMAF/HapMap_MAF.bim +
results/1_qcGWAS/3_autoMAF/HapMap_MAF.fam ... done.

End time: Mon Dec 18 17:22:04 2023
