PLINK v1.90b6.21 64-bit (19 Oct 2020)
Options in effect:
  --bfile data/HapMap_3_r3_1
  --geno 0.02
  --make-bed
  --out results/1_qcGWAS/1_missing/HapMap_snp0.02

Hostname: caclogin03
Working directory: /global/home/hpc4920/mareesTutorialGWAS/workflow
Start time: Tue Dec 19 23:27:23 2023

Random number seed: 1703046443
161009 MB RAM detected; reserving 80504 MB for main workspace.
1457897 variants loaded from .bim file.
165 people (80 males, 85 females) loaded from .fam.
112 phenotype values loaded from .fam.
Using 1 thread (no multithreaded calculations invoked).
Before main variant filters, 112 founders and 53 nonfounders present.
Calculating allele frequencies... done.
Warning: 225 het. haploid genotypes present (see
results/1_qcGWAS/1_missing/HapMap_snp0.02.hh ); many commands treat these as
missing.
Total genotyping rate is 0.997378.
27454 variants removed due to missing genotype data (--geno).
1430443 variants and 165 people pass filters and QC.
Among remaining phenotypes, 56 are cases and 56 are controls.  (53 phenotypes
are missing.)
--make-bed to results/1_qcGWAS/1_missing/HapMap_snp0.02.bed +
results/1_qcGWAS/1_missing/HapMap_snp0.02.bim +
results/1_qcGWAS/1_missing/HapMap_snp0.02.fam ... done.

End time: Tue Dec 19 23:27:24 2023
