PLINK v1.90b6.21 64-bit (19 Oct 2020)
Options in effect:
  --bfile data/HapMap_3_r3_1
  --missing
  --out results/1_qcGWAS/1_missing/plink

Hostname: caclogin03
Working directory: /global/home/hpc4920/mareesTutorialGWAS/workflow
Start time: Tue Dec 19 23:27:01 2023

Random number seed: 1703046421
161009 MB RAM detected; reserving 80504 MB for main workspace.
1457897 variants loaded from .bim file.
165 people (80 males, 85 females) loaded from .fam.
112 phenotype values loaded from .fam.
Using 1 thread (no multithreaded calculations invoked).
Before main variant filters, 112 founders and 53 nonfounders present.
Calculating allele frequencies... done.
Warning: 225 het. haploid genotypes present (see
results/1_qcGWAS/1_missing/plink.hh ); many commands treat these as missing.
Total genotyping rate is 0.997378.
--missing: Sample missing data report written to
results/1_qcGWAS/1_missing/plink.imiss, and variant-based missing data report
written to results/1_qcGWAS/1_missing/plink.lmiss.

End time: Tue Dec 19 23:27:02 2023
