PLINK v1.90b6.21 64-bit (19 Oct 2020)
Options in effect:
  --bfile results/1_qcGWAS/3_autoMAF/HapMap_MAF
  --hwe 1e-6
  --make-bed
  --out results/1_qcGWAS/4_HWE/HapMap_HWEctrl

Hostname: caclogin03
Working directory: /global/home/hpc4920/mareesTutorialGWAS/workflow
Start time: Tue Dec 19 23:28:44 2023

Random number seed: 1703046524
161009 MB RAM detected; reserving 80504 MB for main workspace.
1092489 variants loaded from .bim file.
164 people (80 males, 84 females) loaded from .fam.
112 phenotype values loaded from .fam.
Using 1 thread (no multithreaded calculations invoked).
Before main variant filters, 112 founders and 52 nonfounders present.
Calculating allele frequencies... done.
Total genotyping rate is 0.997664.
Warning: --hwe observation counts vary by more than 10%.  Consider using
--geno, and/or applying different p-value thresholds to distinct subsets of
your data.
--hwe: 0 variants removed due to Hardy-Weinberg exact test.
1092489 variants and 164 people pass filters and QC.
Among remaining phenotypes, 56 are cases and 56 are controls.  (52 phenotypes
are missing.)
--make-bed to results/1_qcGWAS/4_HWE/HapMap_HWEctrl.bed +
results/1_qcGWAS/4_HWE/HapMap_HWEctrl.bim +
results/1_qcGWAS/4_HWE/HapMap_HWEctrl.fam ... done.

End time: Tue Dec 19 23:28:45 2023
