Building DAG of jobs...
Using shell: /cvmfs/soft.computecanada.ca/gentoo/2020/bin/bash
Provided cores: 1 (use --cores to define parallelism)
Rules claiming more threads will be scaled down.
Job stats:
job                     count    min threads    max threads
--------------------  -------  -------------  -------------
all                         1              1              1
liberalMissingFilter        1              1              1
makeMissingHists            1              1              1
total                       3              1              1

Select jobs to execute...

[Sat Dec 16 21:19:29 2023]
rule makeMissingHists:
    output: results/1_qcGWAS/1_missing/imissHistPlot.pdf, results/1_qcGWAS/1_missing/lmissHistPlot.pdf
    log: logs/1_qcGWAS/1_missingHist.out, logs/1_qcGWAS/1_missingHist.err
    jobid: 1
    reason: Code has changed since last execution
    resources: tmpdir=/tmp, mem_mb=30000, mem_mib=28611, runtime=100, cpus_per_task=1, slurm_extra=--qos=privileged --mail-type=END,FAIL --mail-user=16amz1@queensu.ca

[Sat Dec 16 21:19:55 2023]
Finished job 1.
1 of 3 steps (33%) done
Select jobs to execute...

[Sat Dec 16 21:19:55 2023]
rule liberalMissingFilter:
    output: results/1_qcGWAS/1_missing/HapMap_3_r3_snp02.bed, results/1_qcGWAS/1_missing/HapMap_3_r3_snp02.bim, results/1_qcGWAS/1_missing/HapMap_3_r3_snp02.fam, results/1_qcGWAS/1_missing/HapMap_3_r3_ind02.bed, results/1_qcGWAS/1_missing/HapMap_3_r3_ind02.bim, results/1_qcGWAS/1_missing/HapMap_3_r3_ind02.fam
    log: logs/1_qcGWAS/1_missing02filt.out, logs/1_qcGWAS/1_missing02filt.err
    jobid: 2
    reason: Missing output files: results/1_qcGWAS/1_missing/HapMap_3_r3_snp02.bim, results/1_qcGWAS/1_missing/HapMap_3_r3_snp02.fam, results/1_qcGWAS/1_missing/HapMap_3_r3_ind02.fam, results/1_qcGWAS/1_missing/HapMap_3_r3_ind02.bed, results/1_qcGWAS/1_missing/HapMap_3_r3_snp02.bed, results/1_qcGWAS/1_missing/HapMap_3_r3_ind02.bim
    resources: tmpdir=/tmp, mem_mb=30000, mem_mib=28611, runtime=100, cpus_per_task=1, slurm_extra=--qos=privileged --mail-type=END,FAIL --mail-user=16amz1@queensu.ca

[Sat Dec 16 21:20:02 2023]
Finished job 2.
2 of 3 steps (67%) done
Select jobs to execute...

[Sat Dec 16 21:20:02 2023]
localrule all:
    input: results/1_qcGWAS/1_missing/imissHistPlot.pdf, results/1_qcGWAS/1_missing/lmissHistPlot.pdf, results/1_qcGWAS/1_missing/HapMap_3_r3_snp02.bed, results/1_qcGWAS/1_missing/HapMap_3_r3_snp02.bim, results/1_qcGWAS/1_missing/HapMap_3_r3_snp02.fam, results/1_qcGWAS/1_missing/HapMap_3_r3_ind02.bed, results/1_qcGWAS/1_missing/HapMap_3_r3_ind02.bim, results/1_qcGWAS/1_missing/HapMap_3_r3_ind02.fam
    jobid: 0
    reason: Input files updated by another job: results/1_qcGWAS/1_missing/HapMap_3_r3_snp02.bim, results/1_qcGWAS/1_missing/HapMap_3_r3_snp02.fam, results/1_qcGWAS/1_missing/HapMap_3_r3_ind02.fam, results/1_qcGWAS/1_missing/HapMap_3_r3_ind02.bed, results/1_qcGWAS/1_missing/lmissHistPlot.pdf, results/1_qcGWAS/1_missing/HapMap_3_r3_snp02.bed, results/1_qcGWAS/1_missing/HapMap_3_r3_ind02.bim, results/1_qcGWAS/1_missing/imissHistPlot.pdf
    resources: tmpdir=/tmp

[Sat Dec 16 21:20:02 2023]
Finished job 0.
3 of 3 steps (100%) done
Complete log: .snakemake/log/2023-12-16T211929.490884.snakemake.log
