Building DAG of jobs...
Using shell: /cvmfs/soft.computecanada.ca/gentoo/2020/bin/bash
Provided cores: 1 (use --cores to define parallelism)
Rules claiming more threads will be scaled down.
Job stats:
job          count    min threads    max threads
---------  -------  -------------  -------------
all              1              1              1
imputeSex        1              1              1
total            2              1              1

Select jobs to execute...

[Sun Dec 17 13:17:39 2023]
rule imputeSex:
    input: results/1_qcGWAS/1_missing/HapMap_ind0.02.bed, results/1_qcGWAS/1_missing/HapMap_ind0.02.bim, results/1_qcGWAS/1_missing/HapMap_ind0.02.fam
    output: results/1_qcGWAS/2_sexcheck/HapMap_impSex.bed, results/1_qcGWAS/2_sexcheck/HapMap_impSex.bim, results/1_qcGWAS/2_sexcheck/HapMap_impSex.fam
    log: logs/1_qcGWAS/2_imputeSex.out, logs/1_qcGWAS/2_imputeSex.err
    jobid: 7
    reason: Missing output files: results/1_qcGWAS/2_sexcheck/HapMap_impSex.fam, results/1_qcGWAS/2_sexcheck/HapMap_impSex.bed, results/1_qcGWAS/2_sexcheck/HapMap_impSex.bim
    resources: tmpdir=/tmp, mem_mb=30000, mem_mib=28611, runtime=100, cpus_per_task=1, slurm_extra=--qos=privileged --mail-type=END,FAIL --mail-user=16amz1@queensu.ca

[Sun Dec 17 13:17:46 2023]
Error in rule imputeSex:
    jobid: 7
    input: results/1_qcGWAS/1_missing/HapMap_ind0.02.bed, results/1_qcGWAS/1_missing/HapMap_ind0.02.bim, results/1_qcGWAS/1_missing/HapMap_ind0.02.fam
    output: results/1_qcGWAS/2_sexcheck/HapMap_impSex.bed, results/1_qcGWAS/2_sexcheck/HapMap_impSex.bim, results/1_qcGWAS/2_sexcheck/HapMap_impSex.fam
    log: logs/1_qcGWAS/2_imputeSex.out, logs/1_qcGWAS/2_imputeSex.err (check log file(s) for error details)
    shell:
        
        module load StdEnv/2020
        module load plink/1.9b_6.21-x86_64
        sh scripts/sexImpute.sh -b results/1_qcGWAS/1_missing/HapMap_ind0.02 -o results/1_qcGWAS/2_sexCheck/HapMap_impSex             1> logs/1_qcGWAS/2_imputeSex.out 2> logs/1_qcGWAS/2_imputeSex.err
        
        (one of the commands exited with non-zero exit code; note that snakemake uses bash strict mode!)

Shutting down, this might take some time.
Exiting because a job execution failed. Look above for error message
Complete log: .snakemake/log/2023-12-17T131738.558900.snakemake.log
