Building DAG of jobs...
Using shell: /cvmfs/soft.computecanada.ca/gentoo/2020/bin/bash
Provided cores: 1 (use --cores to define parallelism)
Rules claiming more threads will be scaled down.
Job stats:
job                     count    min threads    max threads
--------------------  -------  -------------  -------------
all                         1              1              1
liberalMissingFilter        1              1              1
makeMissingHists            1              1              1
sexCheck                    1              1              1
total                       4              1              1

Select jobs to execute...

[Sun Dec 17 12:43:47 2023]
rule sexCheck:
    input: results/1_qcGWAS/1_missing/HapMap_ind0.02.bed, results/1_qcGWAS/1_missing/HapMap_ind0.02.bim, results/1_qcGWAS/1_missing/HapMap_ind0.02.fam
    output: results/1_qcGWAS/2_sexCheck/plink.sexcheck
    log: logs/1_qcGWAS/1_sexcheck.out, logs/1_qcGWAS/1_sexcheck.err
    jobid: 5
    reason: Missing output files: results/1_qcGWAS/2_sexCheck/plink.sexcheck
    resources: tmpdir=/tmp, mem_mb=30000, mem_mib=28611, runtime=100, cpus_per_task=1, slurm_extra=--qos=privileged --mail-type=END,FAIL --mail-user=16amz1@queensu.ca

[Sun Dec 17 12:43:54 2023]
Finished job 5.
1 of 4 steps (25%) done
Select jobs to execute...

[Sun Dec 17 12:43:54 2023]
rule makeMissingHists:
    input: results/1_qcGWAS/1_missing/plink.imiss, results/1_qcGWAS/1_missing/plink.lmiss
    output: results/1_qcGWAS/1_missing/imissHistPlot.pdf, results/1_qcGWAS/1_missing/lmissHistPlot.pdf
    log: logs/1_qcGWAS/1_missingHist.out, logs/1_qcGWAS/1_missingHist.err
    jobid: 1
    reason: Code has changed since last execution
    resources: tmpdir=/tmp, mem_mb=30000, mem_mib=28611, runtime=100, cpus_per_task=1, slurm_extra=--qos=privileged --mail-type=END,FAIL --mail-user=16amz1@queensu.ca

[Sun Dec 17 12:44:00 2023]
Error in rule makeMissingHists:
    jobid: 1
    input: results/1_qcGWAS/1_missing/plink.imiss, results/1_qcGWAS/1_missing/plink.lmiss
    output: results/1_qcGWAS/1_missing/imissHistPlot.pdf, results/1_qcGWAS/1_missing/lmissHistPlot.pdf
    log: logs/1_qcGWAS/1_missingHist.out, logs/1_qcGWAS/1_missingHist.err (check log file(s) for error details)
    shell:
        
        module load StdEnv/2020 r/4.2.1
        Rscript scripts/missingHists.R 1> logs/1_qcGWAS/1_missingHist.out 2> logs/1_qcGWAS/1_missingHist.err
        
        (one of the commands exited with non-zero exit code; note that snakemake uses bash strict mode!)

Shutting down, this might take some time.
Exiting because a job execution failed. Look above for error message
Complete log: .snakemake/log/2023-12-17T124347.196954.snakemake.log
