Building DAG of jobs...
Using shell: /cvmfs/soft.computecanada.ca/gentoo/2020/bin/bash
Provided cores: 1 (use --cores to define parallelism)
Rules claiming more threads will be scaled down.
Job stats:
job                count    min threads    max threads
---------------  -------  -------------  -------------
all                    1              1              1
checkMAF               1              1              1
checkMAFPlot           1              1              1
filterAutosomal        1              1              1
filterMAF              1              1              1
total                  5              1              1

Select jobs to execute...

[Sun Dec 17 17:27:13 2023]
rule filterAutosomal:
    input: results/1_qcGWAS/2_checkSex/HapMap_impSex.bed, results/1_qcGWAS/2_checkSex/HapMap_impSex.bim, results/1_qcGWAS/2_checkSex/HapMap_impSex.fam
    output: results/1_qcGWAS/3_autoMAF/HapMap_auto.bed, results/1_qcGWAS/3_autoMAF/HapMap_auto.bim, results/1_qcGWAS/3_autoMAF/HapMap_auto.fam
    log: logs/1_qcGWAS/3_autosomal.out, logs/1_qcGWAS/3_autosomal.err
    jobid: 4
    reason: Missing output files: results/1_qcGWAS/3_autoMAF/HapMap_auto.bim, results/1_qcGWAS/3_autoMAF/HapMap_auto.bed, results/1_qcGWAS/3_autoMAF/HapMap_auto.fam
    resources: tmpdir=/tmp, mem_mb=30000, mem_mib=28611, runtime=100, cpus_per_task=1, slurm_extra=--qos=privileged --mail-type=END,FAIL --mail-user=16amz1@queensu.ca

[Sun Dec 17 17:27:21 2023]
Finished job 4.
1 of 5 steps (20%) done
Select jobs to execute...

[Sun Dec 17 17:27:21 2023]
rule checkMAF:
    input: results/1_qcGWAS/3_autoMAF/HapMap_auto.bed, results/1_qcGWAS/3_autoMAF/HapMap_auto.bim, results/1_qcGWAS/3_autoMAF/HapMap_auto.fam
    output: results/1_qcGWAS/3_autoMAF/checkMAF.frq
    log: logs/1_qcGWAS/3_checkMAF.out, logs/1_qcGWAS/3_checkMAF.err
    jobid: 3
    reason: Missing output files: results/1_qcGWAS/3_autoMAF/checkMAF.frq; Input files updated by another job: results/1_qcGWAS/3_autoMAF/HapMap_auto.bim, results/1_qcGWAS/3_autoMAF/HapMap_auto.bed, results/1_qcGWAS/3_autoMAF/HapMap_auto.fam
    resources: tmpdir=/tmp, mem_mb=30000, mem_mib=28611, runtime=100, cpus_per_task=1, slurm_extra=--qos=privileged --mail-type=END,FAIL --mail-user=16amz1@queensu.ca

[Sun Dec 17 17:27:27 2023]
Finished job 3.
2 of 5 steps (40%) done
Select jobs to execute...

[Sun Dec 17 17:27:27 2023]
rule checkMAFPlot:
    input: results/1_qcGWAS/3_autoMAF/checkMAF.frq
    output: results/1_qcGWAS/3_autoMAF/checkMAFPlot.pdf
    log: logs/1_qcGWAS/3_checkMAFPlot.out, logs/1_qcGWAS/3_checkMAFPlot.err
    jobid: 2
    reason: Missing output files: results/1_qcGWAS/3_autoMAF/checkMAFPlot.pdf; Input files updated by another job: results/1_qcGWAS/3_autoMAF/checkMAF.frq
    resources: tmpdir=/tmp, mem_mb=30000, mem_mib=28611, runtime=100, cpus_per_task=1, slurm_extra=--qos=privileged --mail-type=END,FAIL --mail-user=16amz1@queensu.ca

[Sun Dec 17 17:27:42 2023]
Finished job 2.
3 of 5 steps (60%) done
Select jobs to execute...

[Sun Dec 17 17:27:42 2023]
rule filterMAF:
    input: results/1_qcGWAS/3_autoMAF/checkMAFPlot.pdf, results/1_qcGWAS/3_autoMAF/HapMap_auto.bed, results/1_qcGWAS/3_autoMAF/HapMap_auto.bim, results/1_qcGWAS/3_autoMAF/HapMap_auto.fam
    output: results/1_qcGWAS/3_autoMAF/HapMap_MAF.bed, results/1_qcGWAS/3_autoMAF/HapMap_MAF.bim, results/1_qcGWAS/3_autoMAF/HapMap_MAF.fam
    log: logs/1_qcGWAS/3_filterMAF.out, logs/1_qcGWAS/3_filterMAF.err
    jobid: 1
    reason: Missing output files: results/1_qcGWAS/3_autoMAF/HapMap_MAF.bim, results/1_qcGWAS/3_autoMAF/HapMap_MAF.fam, results/1_qcGWAS/3_autoMAF/HapMap_MAF.bed; Input files updated by another job: results/1_qcGWAS/3_autoMAF/HapMap_auto.bim, results/1_qcGWAS/3_autoMAF/HapMap_auto.bed, results/1_qcGWAS/3_autoMAF/checkMAFPlot.pdf, results/1_qcGWAS/3_autoMAF/HapMap_auto.fam
    resources: tmpdir=/tmp, mem_mb=30000, mem_mib=28611, runtime=100, cpus_per_task=1, slurm_extra=--qos=privileged --mail-type=END,FAIL --mail-user=16amz1@queensu.ca

[Sun Dec 17 17:27:53 2023]
Finished job 1.
4 of 5 steps (80%) done
Select jobs to execute...

[Sun Dec 17 17:27:53 2023]
localrule all:
    input: results/1_qcGWAS/3_autoMAF/HapMap_MAF.bed, results/1_qcGWAS/3_autoMAF/HapMap_MAF.bim, results/1_qcGWAS/3_autoMAF/HapMap_MAF.fam
    jobid: 0
    reason: Input files updated by another job: results/1_qcGWAS/3_autoMAF/HapMap_MAF.bim, results/1_qcGWAS/3_autoMAF/HapMap_MAF.fam, results/1_qcGWAS/3_autoMAF/HapMap_MAF.bed
    resources: tmpdir=/tmp

[Sun Dec 17 17:27:53 2023]
Finished job 0.
5 of 5 steps (100%) done
Complete log: .snakemake/log/2023-12-17T172713.080208.snakemake.log
