Building DAG of jobs...
Using shell: /cvmfs/soft.computecanada.ca/gentoo/2020/bin/bash
Provided cores: 1 (use --cores to define parallelism)
Rules claiming more threads will be scaled down.
Job stats:
job                       count    min threads    max threads
----------------------  -------  -------------  -------------
all                           1              1              1
liberalMissingFilter          1              1              1
stringentMissingFilter        1              1              1
total                         3              1              1

Select jobs to execute...

[Sun Dec 17 12:01:00 2023]
rule liberalMissingFilter:
    output: results/1_qcGWAS/1_missing/HapMap_3_r3_snp0.2.bed, results/1_qcGWAS/1_missing/HapMap_3_r3_snp0.2.bim, results/1_qcGWAS/1_missing/HapMap_3_r3_snp0.2.fam, results/1_qcGWAS/1_missing/HapMap_3_r3_ind0.2.bed, results/1_qcGWAS/1_missing/HapMap_3_r3_ind0.2.bim, results/1_qcGWAS/1_missing/HapMap_3_r3_ind0.2.fam
    log: logs/1_qcGWAS/1_missing02filt.out, logs/1_qcGWAS/1_missing02filt.err
    jobid: 2
    reason: Missing output files: results/1_qcGWAS/1_missing/HapMap_3_r3_snp0.2.bed, results/1_qcGWAS/1_missing/HapMap_3_r3_ind0.2.bed, results/1_qcGWAS/1_missing/HapMap_3_r3_snp0.2.fam, results/1_qcGWAS/1_missing/HapMap_3_r3_ind0.2.bim, results/1_qcGWAS/1_missing/HapMap_3_r3_ind0.2.fam, results/1_qcGWAS/1_missing/HapMap_3_r3_snp0.2.bim
    resources: tmpdir=/tmp, mem_mb=30000, mem_mib=28611, runtime=100, cpus_per_task=1, slurm_extra=--qos=privileged --mail-type=END,FAIL --mail-user=16amz1@queensu.ca

[Sun Dec 17 12:01:16 2023]
Finished job 2.
1 of 3 steps (33%) done
Select jobs to execute...

[Sun Dec 17 12:01:16 2023]
rule stringentMissingFilter:
    output: results/1_qcGWAS/1_missing/HapMap_3_r3_snp0.02.bed, results/1_qcGWAS/1_missing/HapMap_3_r3_snp0.02.bim, results/1_qcGWAS/1_missing/HapMap_3_r3_snp0.02.fam, results/1_qcGWAS/1_missing/HapMap_3_r3_ind0.02.bed, results/1_qcGWAS/1_missing/HapMap_3_r3_ind0.02.bim, results/1_qcGWAS/1_missing/HapMap_3_r3_ind0.02.fam
    log: logs/1_qcGWAS/1_missing002filt.out, logs/1_qcGWAS/1_missing002filt.err
    jobid: 3
    reason: Missing output files: results/1_qcGWAS/1_missing/HapMap_3_r3_ind0.02.bed, results/1_qcGWAS/1_missing/HapMap_3_r3_ind0.02.bim, results/1_qcGWAS/1_missing/HapMap_3_r3_snp0.02.bim, results/1_qcGWAS/1_missing/HapMap_3_r3_ind0.02.fam, results/1_qcGWAS/1_missing/HapMap_3_r3_snp0.02.fam, results/1_qcGWAS/1_missing/HapMap_3_r3_snp0.02.bed
    resources: tmpdir=/tmp, mem_mb=30000, mem_mib=28611, runtime=100, cpus_per_task=1, slurm_extra=--qos=privileged --mail-type=END,FAIL --mail-user=16amz1@queensu.ca

[Sun Dec 17 12:01:31 2023]
Error in rule stringentMissingFilter:
    jobid: 3
    output: results/1_qcGWAS/1_missing/HapMap_3_r3_snp0.02.bed, results/1_qcGWAS/1_missing/HapMap_3_r3_snp0.02.bim, results/1_qcGWAS/1_missing/HapMap_3_r3_snp0.02.fam, results/1_qcGWAS/1_missing/HapMap_3_r3_ind0.02.bed, results/1_qcGWAS/1_missing/HapMap_3_r3_ind0.02.bim, results/1_qcGWAS/1_missing/HapMap_3_r3_ind0.02.fam
    log: logs/1_qcGWAS/1_missing002filt.out, logs/1_qcGWAS/1_missing002filt.err (check log file(s) for error details)
    shell:
        
        module load StdEnv/20020
        module load plink/1.9b_6.21-x86_64
        sh scripts/missingFilter.sh -b data/HapMap_3_r3_1 -t 0.02 -o results/1_qcGWAS/1_missing/HapMap_3_r3             1> logs/1_qcGWAS/1_missing002filt.out 2> logs/1_qcGWAS/1_missing002filt.err
        
        (one of the commands exited with non-zero exit code; note that snakemake uses bash strict mode!)

Shutting down, this might take some time.
Exiting because a job execution failed. Look above for error message
Complete log: .snakemake/log/2023-12-17T120059.979513.snakemake.log
