Building DAG of jobs...
Using shell: /cvmfs/soft.computecanada.ca/gentoo/2020/bin/bash
Provided cores: 1 (use --cores to define parallelism)
Rules claiming more threads will be scaled down.
Job stats:
job                     count    min threads    max threads
--------------------  -------  -------------  -------------
all                         1              1              1
liberalMissingFilter        1              1              1
makeMissingHists            1              1              1
total                       3              1              1

Select jobs to execute...

[Sun Dec 17 12:51:34 2023]
rule makeMissingHists:
    input: results/1_qcGWAS/1_missing/plink.imiss, results/1_qcGWAS/1_missing/plink.lmiss
    output: results/1_qcGWAS/1_missing/imissHistPlot.pdf, results/1_qcGWAS/1_missing/lmissHistPlot.pdf
    log: logs/1_qcGWAS/1_missingHist.out, logs/1_qcGWAS/1_missingHist.err
    jobid: 1
    reason: Missing output files: results/1_qcGWAS/1_missing/lmissHistPlot.pdf, results/1_qcGWAS/1_missing/imissHistPlot.pdf
    resources: tmpdir=/tmp, mem_mb=30000, mem_mib=28611, runtime=100, cpus_per_task=1, slurm_extra=--qos=privileged --mail-type=END,FAIL --mail-user=16amz1@queensu.ca

[Sun Dec 17 12:51:46 2023]
Finished job 1.
1 of 3 steps (33%) done
Select jobs to execute...

[Sun Dec 17 12:51:46 2023]
rule liberalMissingFilter:
    output: results/1_qcGWAS/1_missing/HapMap_snp0.2.bed, results/1_qcGWAS/1_missing/HapMap_snp0.2.bim, results/1_qcGWAS/1_missing/HapMap_snp0.2.fam, results/1_qcGWAS/1_missing/HapMap_ind0.2.bed, results/1_qcGWAS/1_missing/HapMap_ind0.2.bim, results/1_qcGWAS/1_missing/HapMap_ind0.2.fam
    log: logs/1_qcGWAS/1_missing02filt.out, logs/1_qcGWAS/1_missing02filt.err
    jobid: 3
    reason: Code has changed since last execution
    resources: tmpdir=/tmp, mem_mb=30000, mem_mib=28611, runtime=100, cpus_per_task=1, slurm_extra=--qos=privileged --mail-type=END,FAIL --mail-user=16amz1@queensu.ca

[Sun Dec 17 12:51:53 2023]
Finished job 3.
2 of 3 steps (67%) done
Select jobs to execute...

[Sun Dec 17 12:51:53 2023]
localrule all:
    input: results/1_qcGWAS/1_missing/imissHistPlot.pdf, results/1_qcGWAS/1_missing/lmissHistPlot.pdf, results/1_qcGWAS/1_missing/HapMap_snp0.2.bed, results/1_qcGWAS/1_missing/HapMap_snp0.2.bim, results/1_qcGWAS/1_missing/HapMap_snp0.2.fam, results/1_qcGWAS/1_missing/HapMap_snp0.02.bed, results/1_qcGWAS/1_missing/HapMap_snp0.02.bim, results/1_qcGWAS/1_missing/HapMap_snp0.02.fam, results/1_qcGWAS/1_missing/HapMap_ind0.2.bed, results/1_qcGWAS/1_missing/HapMap_ind0.2.bim, results/1_qcGWAS/1_missing/HapMap_ind0.2.fam, results/1_qcGWAS/1_missing/HapMap_ind0.02.bed, results/1_qcGWAS/1_missing/HapMap_ind0.02.bim, results/1_qcGWAS/1_missing/HapMap_ind0.02.fam, results/1_qcGWAS/2_sexCheck/plink.sexcheck
    jobid: 0
    reason: Input files updated by another job: results/1_qcGWAS/1_missing/HapMap_snp0.2.bim, results/1_qcGWAS/1_missing/lmissHistPlot.pdf, results/1_qcGWAS/1_missing/HapMap_snp0.2.fam, results/1_qcGWAS/1_missing/HapMap_ind0.2.bed, results/1_qcGWAS/1_missing/HapMap_snp0.2.bed, results/1_qcGWAS/1_missing/HapMap_ind0.2.bim, results/1_qcGWAS/1_missing/imissHistPlot.pdf, results/1_qcGWAS/1_missing/HapMap_ind0.2.fam
    resources: tmpdir=/tmp

[Sun Dec 17 12:51:53 2023]
Finished job 0.
3 of 3 steps (100%) done
Complete log: .snakemake/log/2023-12-17T125134.053208.snakemake.log
