Building DAG of jobs...
Using shell: /cvmfs/soft.computecanada.ca/gentoo/2020/bin/bash
Provided cores: 1 (use --cores to define parallelism)
Rules claiming more threads will be scaled down.
Job stats:
job          count    min threads    max threads
---------  -------  -------------  -------------
all              1              1              1
filterMAF        1              1              1
total            2              1              1

Select jobs to execute...

[Sun Dec 17 17:21:20 2023]
rule filterMAF:
    input: results/1_qcGWAS/3_filtSNPs/checkMAFPlot.pdf, results/1_qcGWAS/3_filtSNPs/HapMap_auto.bed, results/1_qcGWAS/3_filtSNPs/HapMap_auto.bim, results/1_qcGWAS/3_filtSNPs/HapMap_auto.fam
    output: results/1_qcGWAS/3_filtSNPs/HapMap_MAF.bed, results/1_qcGWAS/3_filtSNPs/HapMap_MAF.bim, results/1_qcGWAS/3_filtSNPs/HapMap_MAF.fam
    log: logs/1_qcGWAS/3_filterMAF.out, logs/1_qcGWAS/3_filterMAF.err
    jobid: 1
    reason: Missing output files: results/1_qcGWAS/3_filtSNPs/HapMap_MAF.bed, results/1_qcGWAS/3_filtSNPs/HapMap_MAF.bim, results/1_qcGWAS/3_filtSNPs/HapMap_MAF.fam
    resources: tmpdir=/tmp, mem_mb=30000, mem_mib=28611, runtime=100, cpus_per_task=1, slurm_extra=--qos=privileged --mail-type=END,FAIL --mail-user=16amz1@queensu.ca

[Sun Dec 17 17:21:25 2023]
Error in rule filterMAF:
    jobid: 1
    input: results/1_qcGWAS/3_filtSNPs/checkMAFPlot.pdf, results/1_qcGWAS/3_filtSNPs/HapMap_auto.bed, results/1_qcGWAS/3_filtSNPs/HapMap_auto.bim, results/1_qcGWAS/3_filtSNPs/HapMap_auto.fam
    output: results/1_qcGWAS/3_filtSNPs/HapMap_MAF.bed, results/1_qcGWAS/3_filtSNPs/HapMap_MAF.bim, results/1_qcGWAS/3_filtSNPs/HapMap_MAF.fam
    log: logs/1_qcGWAS/3_filterMAF.out, logs/1_qcGWAS/3_filterMAF.err (check log file(s) for error details)
    shell:
        
         module load StdEnv/2020 r/4.2.1
        R_LIBS_USER="~/R/x86_64-redhat-linux-gnu-library/4.2.1"
        Rscript scripts/filterMAF.R 1> logs/1_qcGWAS/3_filterMAF.out 2> logs/1_qcGWAS/3_filterMAF.err
        
        (one of the commands exited with non-zero exit code; note that snakemake uses bash strict mode!)

Shutting down, this might take some time.
Exiting because a job execution failed. Look above for error message
Complete log: .snakemake/log/2023-12-17T172119.846581.snakemake.log
