Building DAG of jobs...
Using shell: /global/software/cvmfs/compat/bin/bash
Provided cores: 1 (use --cores to define parallelism)
Rules claiming more threads will be scaled down.
Job stats:
job                       count    min threads    max threads
----------------------  -------  -------------  -------------
all                           1              1              1
checkSexHist                  1              1              1
imputeSex                     1              1              1
liberalMissingFilter          1              1              1
stringentMissingFilter        1              1              1
total                         5              1              1

Select jobs to execute...

[Sun Dec 17 15:38:52 2023]
rule stringentMissingFilter:
    output: results/1_qcGWAS/1_missing/HapMap_snp0.02.bed, results/1_qcGWAS/1_missing/HapMap_snp0.02.bim, results/1_qcGWAS/1_missing/HapMap_snp0.02.fam, results/1_qcGWAS/1_missing/HapMap_ind0.02.bed, results/1_qcGWAS/1_missing/HapMap_ind0.02.bim, results/1_qcGWAS/1_missing/HapMap_ind0.02.fam
    log: logs/1_qcGWAS/1_missing002filt.out, logs/1_qcGWAS/1_missing002filt.err
    jobid: 6
    reason: Missing output files: results/1_qcGWAS/1_missing/HapMap_ind0.02.bed, results/1_qcGWAS/1_missing/HapMap_ind0.02.bim, results/1_qcGWAS/1_missing/HapMap_snp0.02.bim, results/1_qcGWAS/1_missing/HapMap_snp0.02.fam, results/1_qcGWAS/1_missing/HapMap_snp0.02.bed, results/1_qcGWAS/1_missing/HapMap_ind0.02.fam
    resources: tmpdir=/tmp, mem_mb=30000, mem_mib=28611, runtime=100, cpus_per_task=1, slurm_extra=--qos=privileged --mail-type=END,FAIL --mail-user=16amz1@queensu.ca

[Sun Dec 17 15:38:59 2023]
Finished job 6.
1 of 5 steps (20%) done
Select jobs to execute...

[Sun Dec 17 15:38:59 2023]
rule liberalMissingFilter:
    output: results/1_qcGWAS/1_missing/HapMap_snp0.2.bed, results/1_qcGWAS/1_missing/HapMap_snp0.2.bim, results/1_qcGWAS/1_missing/HapMap_snp0.2.fam, results/1_qcGWAS/1_missing/HapMap_ind0.2.bed, results/1_qcGWAS/1_missing/HapMap_ind0.2.bim, results/1_qcGWAS/1_missing/HapMap_ind0.2.fam
    log: logs/1_qcGWAS/1_missing02filt.out, logs/1_qcGWAS/1_missing02filt.err
    jobid: 5
    reason: Missing output files: results/1_qcGWAS/1_missing/HapMap_snp0.2.bed, results/1_qcGWAS/1_missing/HapMap_snp0.2.fam, results/1_qcGWAS/1_missing/HapMap_snp0.2.bim, results/1_qcGWAS/1_missing/HapMap_ind0.2.bed, results/1_qcGWAS/1_missing/HapMap_ind0.2.bim, results/1_qcGWAS/1_missing/HapMap_ind0.2.fam
    resources: tmpdir=/tmp, mem_mb=30000, mem_mib=28611, runtime=100, cpus_per_task=1, slurm_extra=--qos=privileged --mail-type=END,FAIL --mail-user=16amz1@queensu.ca

[Sun Dec 17 15:39:05 2023]
Finished job 5.
2 of 5 steps (40%) done
Select jobs to execute...

[Sun Dec 17 15:39:05 2023]
rule imputeSex:
    input: results/1_qcGWAS/1_missing/HapMap_snp0.2.bed, results/1_qcGWAS/1_missing/HapMap_snp0.2.bim, results/1_qcGWAS/1_missing/HapMap_snp0.2.fam, results/1_qcGWAS/1_missing/HapMap_snp0.02.bed, results/1_qcGWAS/1_missing/HapMap_snp0.02.bim, results/1_qcGWAS/1_missing/HapMap_snp0.02.fam, results/1_qcGWAS/1_missing/HapMap_ind0.2.bed, results/1_qcGWAS/1_missing/HapMap_ind0.2.bim, results/1_qcGWAS/1_missing/HapMap_ind0.2.fam, results/1_qcGWAS/1_missing/HapMap_ind0.02.bed, results/1_qcGWAS/1_missing/HapMap_ind0.02.bim, results/1_qcGWAS/1_missing/HapMap_ind0.02.fam
    output: results/1_qcGWAS/2_checkSex/HapMap_impSex.bed, results/1_qcGWAS/2_checkSex/HapMap_impSex.bim, results/1_qcGWAS/2_checkSex/HapMap_impSex.fam
    log: logs/1_qcGWAS/2_imputeSex.out, logs/1_qcGWAS/2_imputeSex.err
    jobid: 4
    reason: Missing output files: results/1_qcGWAS/2_checkSex/HapMap_impSex.fam, results/1_qcGWAS/2_checkSex/HapMap_impSex.bed, results/1_qcGWAS/2_checkSex/HapMap_impSex.bim; Input files updated by another job: results/1_qcGWAS/1_missing/HapMap_snp0.2.bed, results/1_qcGWAS/1_missing/HapMap_ind0.02.bed, results/1_qcGWAS/1_missing/HapMap_ind0.02.bim, results/1_qcGWAS/1_missing/HapMap_snp0.2.fam, results/1_qcGWAS/1_missing/HapMap_snp0.02.bim, results/1_qcGWAS/1_missing/HapMap_snp0.2.bim, results/1_qcGWAS/1_missing/HapMap_ind0.2.bed, results/1_qcGWAS/1_missing/HapMap_ind0.2.bim, results/1_qcGWAS/1_missing/HapMap_snp0.02.fam, results/1_qcGWAS/1_missing/HapMap_ind0.2.fam, results/1_qcGWAS/1_missing/HapMap_snp0.02.bed, results/1_qcGWAS/1_missing/HapMap_ind0.02.fam
    resources: tmpdir=/tmp, mem_mb=30000, mem_mib=28611, runtime=100, cpus_per_task=1, slurm_extra=--qos=privileged --mail-type=END,FAIL --mail-user=16amz1@queensu.ca

[Sun Dec 17 15:39:12 2023]
Finished job 4.
3 of 5 steps (60%) done
Select jobs to execute...

[Sun Dec 17 15:39:12 2023]
rule checkSexHist:
    output: results/1_qcGWAS/2_checkSex/checkSexPlot.pdf
    log: logs/1_qcGWAS/2_checkSexPlot.out, logs/1_qcGWAS/2_checkSexPlot.err
    jobid: 3
    reason: Missing output files: results/1_qcGWAS/2_checkSex/checkSexPlot.pdf
    resources: tmpdir=/tmp, mem_mb=30000, mem_mib=28611, runtime=100, cpus_per_task=1, slurm_extra=--qos=privileged --mail-type=END,FAIL --mail-user=16amz1@queensu.ca

[Sun Dec 17 15:39:18 2023]
Error in rule checkSexHist:
    jobid: 3
    output: results/1_qcGWAS/2_checkSex/checkSexPlot.pdf
    log: logs/1_qcGWAS/2_checkSexPlot.out, logs/1_qcGWAS/2_checkSexPlot.err (check log file(s) for error details)
    shell:
        
         module load StdEnv/2020 r/4.2.1
        R_LIBS_USER="~/R/x86_64-redhat-linux-gnu-library/4.2.1"
        Rscript scripts/checkSexPlot.R 1> logs/1_qcGWAS/2_checkSexPlot.out 2> logs/1_qcGWAS/2_checkSexPlot.err
        
        (one of the commands exited with non-zero exit code; note that snakemake uses bash strict mode!)

Shutting down, this might take some time.
Exiting because a job execution failed. Look above for error message
Complete log: .snakemake/log/2023-12-17T153852.228277.snakemake.log
