Building DAG of jobs...
Using shell: /global/software/cvmfs/compat/bin/bash
Provided cores: 1 (use --cores to define parallelism)
Rules claiming more threads will be scaled down.
Job stats:
job             count    min threads    max threads
------------  -------  -------------  -------------
all                 1              1              1
checkSexHist        1              1              1
imputeSex           1              1              1
total               3              1              1

Select jobs to execute...

[Sun Dec 17 15:31:37 2023]
rule imputeSex:
    input: results/1_qcGWAS/1_missing/HapMap_snp0.2.bed, results/1_qcGWAS/1_missing/HapMap_snp0.2.bim, results/1_qcGWAS/1_missing/HapMap_snp0.2.fam, results/1_qcGWAS/1_missing/HapMap_snp0.02.bed, results/1_qcGWAS/1_missing/HapMap_snp0.02.bim, results/1_qcGWAS/1_missing/HapMap_snp0.02.fam, results/1_qcGWAS/1_missing/HapMap_ind0.2.bed, results/1_qcGWAS/1_missing/HapMap_ind0.2.bim, results/1_qcGWAS/1_missing/HapMap_ind0.2.fam, results/1_qcGWAS/1_missing/HapMap_ind0.02.bed, results/1_qcGWAS/1_missing/HapMap_ind0.02.bim, results/1_qcGWAS/1_missing/HapMap_ind0.02.fam
    output: results/1_qcGWAS/2_checkSex/HapMap_impSex.bed, results/1_qcGWAS/2_checkSex/HapMap_impSex.bim, results/1_qcGWAS/2_checkSex/HapMap_impSex.fam
    log: logs/1_qcGWAS/2_imputeSex.out, logs/1_qcGWAS/2_imputeSex.err
    jobid: 6
    reason: Set of input files has changed since last execution
    resources: tmpdir=/tmp, mem_mb=30000, mem_mib=28611, runtime=100, cpus_per_task=1, slurm_extra=--qos=privileged --mail-type=END,FAIL --mail-user=16amz1@queensu.ca

[Sun Dec 17 15:31:42 2023]
Finished job 6.
1 of 3 steps (33%) done
Select jobs to execute...

[Sun Dec 17 15:31:42 2023]
rule checkSexHist:
    output: results/1_qcGWAS/2_checkSex/checkSexPlot.pdf
    log: logs/1_qcGWAS/2_checkSexPlot.out, logs/1_qcGWAS/2_checkSexPlot.err
    jobid: 5
    reason: Set of input files has changed since last execution
    resources: tmpdir=/tmp, mem_mb=30000, mem_mib=28611, runtime=100, cpus_per_task=1, slurm_extra=--qos=privileged --mail-type=END,FAIL --mail-user=16amz1@queensu.ca

[Sun Dec 17 15:31:48 2023]
Finished job 5.
2 of 3 steps (67%) done
Select jobs to execute...

[Sun Dec 17 15:31:48 2023]
localrule all:
    input: results/1_qcGWAS/1_missing/imissHistPlot.pdf, results/1_qcGWAS/1_missing/lmissHistPlot.pdf, results/1_qcGWAS/1_missing/HapMap_snp0.2.bed, results/1_qcGWAS/1_missing/HapMap_snp0.2.bim, results/1_qcGWAS/1_missing/HapMap_snp0.2.fam, results/1_qcGWAS/1_missing/HapMap_snp0.02.bed, results/1_qcGWAS/1_missing/HapMap_snp0.02.bim, results/1_qcGWAS/1_missing/HapMap_snp0.02.fam, results/1_qcGWAS/1_missing/HapMap_ind0.2.bed, results/1_qcGWAS/1_missing/HapMap_ind0.2.bim, results/1_qcGWAS/1_missing/HapMap_ind0.2.fam, results/1_qcGWAS/1_missing/HapMap_ind0.02.bed, results/1_qcGWAS/1_missing/HapMap_ind0.02.bim, results/1_qcGWAS/1_missing/HapMap_ind0.02.fam, results/1_qcGWAS/2_checkSex/checkSexPlot.pdf, results/1_qcGWAS/2_checkSex/HapMap_impSex.bed, results/1_qcGWAS/2_checkSex/HapMap_impSex.bim, results/1_qcGWAS/2_checkSex/HapMap_impSex.fam
    jobid: 0
    reason: Input files updated by another job: results/1_qcGWAS/2_checkSex/HapMap_impSex.bim, results/1_qcGWAS/2_checkSex/HapMap_impSex.fam, results/1_qcGWAS/2_checkSex/HapMap_impSex.bed, results/1_qcGWAS/2_checkSex/checkSexPlot.pdf
    resources: tmpdir=/tmp

[Sun Dec 17 15:31:48 2023]
Finished job 0.
3 of 3 steps (100%) done
Complete log: .snakemake/log/2023-12-17T153136.458196.snakemake.log
