Building DAG of jobs...
Using shell: /cvmfs/soft.computecanada.ca/gentoo/2020/bin/bash
Provided cores: -1 (use --cores to define parallelism)
Rules claiming more threads will be scaled down.
Job stats:
job                       count    min threads    max threads
----------------------  -------  -------------  -------------
all                           1             -1              0
checkMAF                      1             -1              0
checkMissingStats             1             -1              0
checkSex                      1             -1              0
checkSexHist                  1             -1              0
filterAutosomal               1             -1              0
imputeSex                     1             -1              0
liberalMissingFilter          1             -1              0
makeMissingHists              1             -1              0
stringentMissingFilter        1             -1              0
total                        10             -1              0

Select jobs to execute...

[Sun Dec 17 16:49:13 2023]
rule checkMissingStats:
    input: data/HapMap_3_r3_1.bed, data/HapMap_3_r3_1.bim, data/HapMap_3_r3_1.fam
    output: results/1_qcGWAS/1_missing/plink.imiss, results/1_qcGWAS/1_missing/plink.lmiss
    log: logs/1_qcGWAS/1_missing.out, logs/1_qcGWAS/1_missing.err
    jobid: 7
    reason: Missing output files: results/1_qcGWAS/1_missing/plink.lmiss, results/1_qcGWAS/1_missing/plink.imiss
    threads: -1
    resources: tmpdir=/tmp, mem_mb=30000, mem_mib=28611, runtime=100, cpus_per_task=1, slurm_extra=--qos=privileged --mail-type=END,FAIL --mail-user=16amz1@queensu.ca

[Sun Dec 17 16:49:22 2023]
Finished job 7.
1 of 10 steps (10%) done
Select jobs to execute...

[Sun Dec 17 16:49:22 2023]
rule makeMissingHists:
    input: results/1_qcGWAS/1_missing/plink.imiss, results/1_qcGWAS/1_missing/plink.lmiss
    output: results/1_qcGWAS/1_missing/imissHistPlot.pdf, results/1_qcGWAS/1_missing/lmissHistPlot.pdf
    log: logs/1_qcGWAS/1_missingHist.out, logs/1_qcGWAS/1_missingHist.err
    jobid: 6
    reason: Missing output files: results/1_qcGWAS/1_missing/imissHistPlot.pdf, results/1_qcGWAS/1_missing/lmissHistPlot.pdf; Input files updated by another job: results/1_qcGWAS/1_missing/plink.lmiss, results/1_qcGWAS/1_missing/plink.imiss
    threads: -1
    resources: tmpdir=/tmp, mem_mb=30000, mem_mib=28611, runtime=100, cpus_per_task=1, slurm_extra=--qos=privileged --mail-type=END,FAIL --mail-user=16amz1@queensu.ca

[Sun Dec 17 16:49:33 2023]
Finished job 6.
2 of 10 steps (20%) done
Select jobs to execute...

[Sun Dec 17 16:49:33 2023]
rule liberalMissingFilter:
    input: data/HapMap_3_r3_1.bed, data/HapMap_3_r3_1.bim, data/HapMap_3_r3_1.fam, results/1_qcGWAS/1_missing/imissHistPlot.pdf, results/1_qcGWAS/1_missing/lmissHistPlot.pdf
    output: results/1_qcGWAS/1_missing/HapMap_snp0.2.bed, results/1_qcGWAS/1_missing/HapMap_snp0.2.bim, results/1_qcGWAS/1_missing/HapMap_snp0.2.fam, results/1_qcGWAS/1_missing/HapMap_ind0.2.bed, results/1_qcGWAS/1_missing/HapMap_ind0.2.bim, results/1_qcGWAS/1_missing/HapMap_ind0.2.fam
    log: logs/1_qcGWAS/1_missing02filt.out, logs/1_qcGWAS/1_missing02filt.err
    jobid: 5
    reason: Missing output files: results/1_qcGWAS/1_missing/HapMap_snp0.2.bed, results/1_qcGWAS/1_missing/HapMap_snp0.2.bim, results/1_qcGWAS/1_missing/HapMap_ind0.2.bed, results/1_qcGWAS/1_missing/HapMap_ind0.2.fam, results/1_qcGWAS/1_missing/HapMap_ind0.2.bim, results/1_qcGWAS/1_missing/HapMap_snp0.2.fam; Input files updated by another job: results/1_qcGWAS/1_missing/imissHistPlot.pdf, results/1_qcGWAS/1_missing/lmissHistPlot.pdf; Set of input files has changed since last execution
    threads: -1
    resources: tmpdir=/tmp, mem_mb=30000, mem_mib=28611, runtime=100, cpus_per_task=1, slurm_extra=--qos=privileged --mail-type=END,FAIL --mail-user=16amz1@queensu.ca

[Sun Dec 17 16:49:41 2023]
Finished job 5.
3 of 10 steps (30%) done
Select jobs to execute...

[Sun Dec 17 16:49:41 2023]
rule stringentMissingFilter:
    input: data/HapMap_3_r3_1.bed, data/HapMap_3_r3_1.bim, data/HapMap_3_r3_1.fam, results/1_qcGWAS/1_missing/HapMap_snp0.2.bed, results/1_qcGWAS/1_missing/HapMap_snp0.2.bim, results/1_qcGWAS/1_missing/HapMap_snp0.2.fam, results/1_qcGWAS/1_missing/HapMap_ind0.2.bed, results/1_qcGWAS/1_missing/HapMap_ind0.2.bim, results/1_qcGWAS/1_missing/HapMap_ind0.2.fam, results/1_qcGWAS/1_missing/imissHistPlot.pdf, results/1_qcGWAS/1_missing/lmissHistPlot.pdf
    output: results/1_qcGWAS/1_missing/HapMap_snp0.02.bed, results/1_qcGWAS/1_missing/HapMap_snp0.02.bim, results/1_qcGWAS/1_missing/HapMap_snp0.02.fam, results/1_qcGWAS/1_missing/HapMap_ind0.02.bed, results/1_qcGWAS/1_missing/HapMap_ind0.02.bim, results/1_qcGWAS/1_missing/HapMap_ind0.02.fam
    log: logs/1_qcGWAS/1_missing002filt.out, logs/1_qcGWAS/1_missing002filt.err
    jobid: 4
    reason: Missing output files: results/1_qcGWAS/1_missing/HapMap_ind0.02.bed, results/1_qcGWAS/1_missing/HapMap_ind0.02.bim, results/1_qcGWAS/1_missing/HapMap_ind0.02.fam, results/1_qcGWAS/1_missing/HapMap_snp0.02.fam, results/1_qcGWAS/1_missing/HapMap_snp0.02.bim, results/1_qcGWAS/1_missing/HapMap_snp0.02.bed; Input files updated by another job: results/1_qcGWAS/1_missing/HapMap_ind0.2.bim, results/1_qcGWAS/1_missing/lmissHistPlot.pdf, results/1_qcGWAS/1_missing/HapMap_ind0.2.fam, results/1_qcGWAS/1_missing/HapMap_ind0.2.bed, results/1_qcGWAS/1_missing/imissHistPlot.pdf, results/1_qcGWAS/1_missing/HapMap_snp0.2.fam, results/1_qcGWAS/1_missing/HapMap_snp0.2.bed, results/1_qcGWAS/1_missing/HapMap_snp0.2.bim
    threads: -1
    resources: tmpdir=/tmp, mem_mb=30000, mem_mib=28611, runtime=100, cpus_per_task=1, slurm_extra=--qos=privileged --mail-type=END,FAIL --mail-user=16amz1@queensu.ca

[Sun Dec 17 16:49:48 2023]
Finished job 4.
4 of 10 steps (40%) done
Select jobs to execute...

[Sun Dec 17 16:49:48 2023]
rule checkSex:
    input: results/1_qcGWAS/1_missing/HapMap_snp0.02.bed, results/1_qcGWAS/1_missing/HapMap_snp0.02.bim, results/1_qcGWAS/1_missing/HapMap_snp0.02.fam, results/1_qcGWAS/1_missing/HapMap_ind0.02.bed, results/1_qcGWAS/1_missing/HapMap_ind0.02.bim, results/1_qcGWAS/1_missing/HapMap_ind0.02.fam
    output: results/1_qcGWAS/2_checkSex/plink.sexcheck
    log: logs/1_qcGWAS/2_checkSex.out, logs/1_qcGWAS/2_checkSex.err
    jobid: 9
    reason: Missing output files: results/1_qcGWAS/2_checkSex/plink.sexcheck; Input files updated by another job: results/1_qcGWAS/1_missing/HapMap_ind0.02.bed, results/1_qcGWAS/1_missing/HapMap_snp0.02.fam, results/1_qcGWAS/1_missing/HapMap_ind0.02.bim, results/1_qcGWAS/1_missing/HapMap_snp0.02.bim, results/1_qcGWAS/1_missing/HapMap_snp0.02.bed, results/1_qcGWAS/1_missing/HapMap_ind0.02.fam
    threads: -1
    resources: tmpdir=/tmp, mem_mb=30000, mem_mib=28611, runtime=100, cpus_per_task=1, slurm_extra=--qos=privileged --mail-type=END,FAIL --mail-user=16amz1@queensu.ca

[Sun Dec 17 16:49:54 2023]
Finished job 9.
5 of 10 steps (50%) done
Select jobs to execute...

[Sun Dec 17 16:49:54 2023]
rule checkSexHist:
    input: results/1_qcGWAS/2_checkSex/plink.sexcheck
    output: results/1_qcGWAS/2_checkSex/checkSexPlot.pdf
    log: logs/1_qcGWAS/2_checkSexPlot.out, logs/1_qcGWAS/2_checkSexPlot.err
    jobid: 8
    reason: Missing output files: results/1_qcGWAS/2_checkSex/checkSexPlot.pdf; Input files updated by another job: results/1_qcGWAS/2_checkSex/plink.sexcheck
    threads: -1
    resources: tmpdir=/tmp, mem_mb=30000, mem_mib=28611, runtime=100, cpus_per_task=1, slurm_extra=--qos=privileged --mail-type=END,FAIL --mail-user=16amz1@queensu.ca

[Sun Dec 17 16:49:59 2023]
Finished job 8.
6 of 10 steps (60%) done
Select jobs to execute...

[Sun Dec 17 16:49:59 2023]
rule imputeSex:
    input: results/1_qcGWAS/1_missing/HapMap_snp0.02.bed, results/1_qcGWAS/1_missing/HapMap_snp0.02.bim, results/1_qcGWAS/1_missing/HapMap_snp0.02.fam, results/1_qcGWAS/1_missing/HapMap_ind0.02.bed, results/1_qcGWAS/1_missing/HapMap_ind0.02.bim, results/1_qcGWAS/1_missing/HapMap_ind0.02.fam, results/1_qcGWAS/2_checkSex/checkSexPlot.pdf
    output: results/1_qcGWAS/2_checkSex/HapMap_impSex.bed, results/1_qcGWAS/2_checkSex/HapMap_impSex.bim, results/1_qcGWAS/2_checkSex/HapMap_impSex.fam
    log: logs/1_qcGWAS/2_imputeSex.out, logs/1_qcGWAS/2_imputeSex.err
    jobid: 3
    reason: Missing output files: results/1_qcGWAS/2_checkSex/HapMap_impSex.bim, results/1_qcGWAS/2_checkSex/HapMap_impSex.fam, results/1_qcGWAS/2_checkSex/HapMap_impSex.bed; Input files updated by another job: results/1_qcGWAS/1_missing/HapMap_ind0.02.bed, results/1_qcGWAS/1_missing/HapMap_snp0.02.fam, results/1_qcGWAS/2_checkSex/checkSexPlot.pdf, results/1_qcGWAS/1_missing/HapMap_ind0.02.bim, results/1_qcGWAS/1_missing/HapMap_snp0.02.bim, results/1_qcGWAS/1_missing/HapMap_snp0.02.bed, results/1_qcGWAS/1_missing/HapMap_ind0.02.fam
    threads: -1
    resources: tmpdir=/tmp, mem_mb=30000, mem_mib=28611, runtime=100, cpus_per_task=1, slurm_extra=--qos=privileged --mail-type=END,FAIL --mail-user=16amz1@queensu.ca

[Sun Dec 17 16:50:17 2023]
Finished job 3.
7 of 10 steps (70%) done
Select jobs to execute...

[Sun Dec 17 16:50:17 2023]
rule filterAutosomal:
    input: results/1_qcGWAS/2_checkSex/HapMap_impSex.bed, results/1_qcGWAS/2_checkSex/HapMap_impSex.bim, results/1_qcGWAS/2_checkSex/HapMap_impSex.fam
    output: results/1_qcGWAS/3_filtSNPs/HapMap_auto.bed, results/1_qcGWAS/3_filtSNPs/HapMap_auto.bim, results/1_qcGWAS/3_filtSNPs/HapMap_auto.fam
    log: logs/1_qcGWAS/3_autosomal.out, logs/1_qcGWAS/3_autosomal.err
    jobid: 2
    reason: Missing output files: results/1_qcGWAS/3_filtSNPs/HapMap_auto.bim, results/1_qcGWAS/3_filtSNPs/HapMap_auto.bed, results/1_qcGWAS/3_filtSNPs/HapMap_auto.fam; Input files updated by another job: results/1_qcGWAS/2_checkSex/HapMap_impSex.bim, results/1_qcGWAS/2_checkSex/HapMap_impSex.fam, results/1_qcGWAS/2_checkSex/HapMap_impSex.bed
    threads: -1
    resources: tmpdir=/tmp, mem_mb=30000, mem_mib=28611, runtime=100, cpus_per_task=1, slurm_extra=--qos=privileged --mail-type=END,FAIL --mail-user=16amz1@queensu.ca

[Sun Dec 17 16:50:23 2023]
Finished job 2.
8 of 10 steps (80%) done
Select jobs to execute...

[Sun Dec 17 16:50:23 2023]
rule checkMAF:
    input: results/1_qcGWAS/3_filtSNPs/HapMap_auto.bed, results/1_qcGWAS/3_filtSNPs/HapMap_auto.bim, results/1_qcGWAS/3_filtSNPs/HapMap_auto.fam
    output: results/1_qcGWAS/3_filtSNPs/checkMAF.frq
    log: logs/1_qcGWAS/3_checkMAF.out, logs/1_qcGWAS/3_checkMAF.err
    jobid: 1
    reason: Missing output files: results/1_qcGWAS/3_filtSNPs/checkMAF.frq; Input files updated by another job: results/1_qcGWAS/3_filtSNPs/HapMap_auto.bim, results/1_qcGWAS/3_filtSNPs/HapMap_auto.bed, results/1_qcGWAS/3_filtSNPs/HapMap_auto.fam
    threads: -1
    resources: tmpdir=/tmp, mem_mb=30000, mem_mib=28611, runtime=100, cpus_per_task=1, slurm_extra=--qos=privileged --mail-type=END,FAIL --mail-user=16amz1@queensu.ca

[Sun Dec 17 16:50:28 2023]
Finished job 1.
9 of 10 steps (90%) done
Select jobs to execute...

[Sun Dec 17 16:50:28 2023]
localrule all:
    input: results/1_qcGWAS/3_filtSNPs/checkMAF.frq
    jobid: 0
    reason: Input files updated by another job: results/1_qcGWAS/3_filtSNPs/checkMAF.frq
    threads: -1
    resources: tmpdir=/tmp

[Sun Dec 17 16:50:28 2023]
Finished job 0.
10 of 10 steps (100%) done
Complete log: .snakemake/log/2023-12-17T164913.225560.snakemake.log
