Building DAG of jobs...
Using shell: /cvmfs/soft.computecanada.ca/gentoo/2020/bin/bash
Provided cores: 1 (use --cores to define parallelism)
Rules claiming more threads will be scaled down.
Job stats:
job             count    min threads    max threads
------------  -------  -------------  -------------
all                 1              1              1
checkSexHist        1              1              1
total               2              1              1

Select jobs to execute...

[Sun Dec 17 13:21:54 2023]
rule checkSexHist:
    input: results/1_qcGWAS/2_checkSex/plink.sexcheck
    output: results/1_qcGWAS/2_checkSex/checkSexPlot.pdf
    log: logs/1_qcGWAS/2_checkSexPlot.out, logs/1_qcGWAS/2_checkSexPlot.err
    jobid: 5
    reason: Missing output files: results/1_qcGWAS/2_checkSex/checkSexPlot.pdf
    resources: tmpdir=/tmp, mem_mb=30000, mem_mib=28611, runtime=100, cpus_per_task=1, slurm_extra=--qos=privileged --mail-type=END,FAIL --mail-user=16amz1@queensu.ca

[Sun Dec 17 13:21:59 2023]
Finished job 5.
1 of 2 steps (50%) done
Select jobs to execute...

[Sun Dec 17 13:21:59 2023]
localrule all:
    input: results/1_qcGWAS/1_missing/imissHistPlot.pdf, results/1_qcGWAS/1_missing/lmissHistPlot.pdf, results/1_qcGWAS/1_missing/HapMap_snp0.2.bed, results/1_qcGWAS/1_missing/HapMap_snp0.2.bim, results/1_qcGWAS/1_missing/HapMap_snp0.2.fam, results/1_qcGWAS/1_missing/HapMap_snp0.02.bed, results/1_qcGWAS/1_missing/HapMap_snp0.02.bim, results/1_qcGWAS/1_missing/HapMap_snp0.02.fam, results/1_qcGWAS/1_missing/HapMap_ind0.2.bed, results/1_qcGWAS/1_missing/HapMap_ind0.2.bim, results/1_qcGWAS/1_missing/HapMap_ind0.2.fam, results/1_qcGWAS/1_missing/HapMap_ind0.02.bed, results/1_qcGWAS/1_missing/HapMap_ind0.02.bim, results/1_qcGWAS/1_missing/HapMap_ind0.02.fam, results/1_qcGWAS/2_checkSex/checkSexPlot.pdf, results/1_qcGWAS/2_checkSex/HapMap_impSex.bed, results/1_qcGWAS/2_checkSex/HapMap_impSex.bim, results/1_qcGWAS/2_checkSex/HapMap_impSex.fam
    jobid: 0
    reason: Input files updated by another job: results/1_qcGWAS/2_checkSex/checkSexPlot.pdf
    resources: tmpdir=/tmp

[Sun Dec 17 13:21:59 2023]
Finished job 0.
2 of 2 steps (100%) done
Complete log: .snakemake/log/2023-12-17T132153.895839.snakemake.log
