Building DAG of jobs...
Using shell: /cvmfs/soft.computecanada.ca/gentoo/2020/bin/bash
Provided cores: 1 (use --cores to define parallelism)
Rules claiming more threads will be scaled down.
Job stats:
job               count    min threads    max threads
--------------  -------  -------------  -------------
all                   1              1              1
runMissingness        1              1              1
total                 2              1              1

Select jobs to execute...

[Sat Dec 16 20:36:04 2023]
rule runMissingness:
    output: results/1_qcGWAS/1_missing/plink.imiss, results/1_qcGWAS/1_missing/plink.lmiss
    log: logs/1_qcGWAS/1_missing.out, logs/1_qcGWAS/1_missing.err
    jobid: 1
    reason: Missing output files: results/1_qcGWAS/1_missing/plink.imiss, results/1_qcGWAS/1_missing/plink.lmiss
    resources: tmpdir=/tmp, mem_mb=30000, mem_mib=28611, runtime=100, cpus_per_task=1, slurm_extra=--qos=privileged --mail-type=END,FAIL --mail-user=16amz1@queensu.ca

[Sat Dec 16 20:36:09 2023]
Finished job 1.
1 of 2 steps (50%) done
Select jobs to execute...

[Sat Dec 16 20:36:09 2023]
localrule all:
    input: results/1_qcGWAS/1_missing/plink.imiss, results/1_qcGWAS/1_missing/plink.lmiss
    jobid: 0
    reason: Input files updated by another job: results/1_qcGWAS/1_missing/plink.imiss, results/1_qcGWAS/1_missing/plink.lmiss
    resources: tmpdir=/tmp

[Sat Dec 16 20:36:09 2023]
Finished job 0.
2 of 2 steps (100%) done
Complete log: .snakemake/log/2023-12-16T203603.724299.snakemake.log
