Building DAG of jobs...
Using shell: /cvmfs/soft.computecanada.ca/gentoo/2020/bin/bash
Provided cores: -1 (use --cores to define parallelism)
Rules claiming more threads will be scaled down.
Job stats:
job                       count    min threads    max threads
----------------------  -------  -------------  -------------
all                           1             -1              0
checkSex                      1             -1              0
checkSexHist                  1             -1              0
imputeSex                     1             -1              0
liberalMissingFilter          1             -1              0
makeMissingHists              1             -1              0
runMissingStats               1             -1              0
stringentMissingFilter        1             -1              0
total                         8             -1              0

Select jobs to execute...

[Sun Dec 17 16:24:20 2023]
rule stringentMissingFilter:
    input: data/HapMap_3_r3_1.bed, data/HapMap_3_r3_1.bim, data/HapMap_3_r3_1.fam
    output: results/1_qcGWAS/1_missing/HapMap_snp0.02.bed, results/1_qcGWAS/1_missing/HapMap_snp0.02.bim, results/1_qcGWAS/1_missing/HapMap_snp0.02.fam, results/1_qcGWAS/1_missing/HapMap_ind0.02.bed, results/1_qcGWAS/1_missing/HapMap_ind0.02.bim, results/1_qcGWAS/1_missing/HapMap_ind0.02.fam
    log: logs/1_qcGWAS/1_missing002filt.out, logs/1_qcGWAS/1_missing002filt.err
    jobid: 6
    reason: Missing output files: results/1_qcGWAS/1_missing/HapMap_snp0.02.fam, results/1_qcGWAS/1_missing/HapMap_ind0.02.bed, results/1_qcGWAS/1_missing/HapMap_ind0.02.bim, results/1_qcGWAS/1_missing/HapMap_snp0.02.bed, results/1_qcGWAS/1_missing/HapMap_ind0.02.fam, results/1_qcGWAS/1_missing/HapMap_snp0.02.bim
    threads: -1
    resources: tmpdir=/tmp, mem_mb=30000, mem_mib=28611, runtime=100, cpus_per_task=1, slurm_extra=--qos=privileged --mail-type=END,FAIL --mail-user=16amz1@queensu.ca


[Sun Dec 17 16:24:21 2023]
rule runMissingStats:
    input: data/HapMap_3_r3_1.bed, data/HapMap_3_r3_1.bim, data/HapMap_3_r3_1.fam
    output: results/1_qcGWAS/1_missing/plink.imiss, results/1_qcGWAS/1_missing/plink.lmiss
    log: logs/1_qcGWAS/1_missing.out, logs/1_qcGWAS/1_missing.err
    jobid: 2
    reason: Missing output files: results/1_qcGWAS/1_missing/plink.imiss, results/1_qcGWAS/1_missing/plink.lmiss
    threads: -1
    resources: tmpdir=/tmp, mem_mb=30000, mem_mib=28611, runtime=100, cpus_per_task=1, slurm_extra=--qos=privileged --mail-type=END,FAIL --mail-user=16amz1@queensu.ca


[Sun Dec 17 16:24:21 2023]
rule liberalMissingFilter:
    input: data/HapMap_3_r3_1.bed, data/HapMap_3_r3_1.bim, data/HapMap_3_r3_1.fam
    output: results/1_qcGWAS/1_missing/HapMap_snp0.2.bed, results/1_qcGWAS/1_missing/HapMap_snp0.2.bim, results/1_qcGWAS/1_missing/HapMap_snp0.2.fam, results/1_qcGWAS/1_missing/HapMap_ind0.2.bed, results/1_qcGWAS/1_missing/HapMap_ind0.2.bim, results/1_qcGWAS/1_missing/HapMap_ind0.2.fam
    log: logs/1_qcGWAS/1_missing02filt.out, logs/1_qcGWAS/1_missing02filt.err
    jobid: 5
    reason: Missing output files: results/1_qcGWAS/1_missing/HapMap_ind0.2.fam, results/1_qcGWAS/1_missing/HapMap_snp0.2.bed, results/1_qcGWAS/1_missing/HapMap_ind0.2.bed, results/1_qcGWAS/1_missing/HapMap_ind0.2.bim, results/1_qcGWAS/1_missing/HapMap_snp0.2.bim, results/1_qcGWAS/1_missing/HapMap_snp0.2.fam
    threads: -1
    resources: tmpdir=/tmp, mem_mb=30000, mem_mib=28611, runtime=100, cpus_per_task=1, slurm_extra=--qos=privileged --mail-type=END,FAIL --mail-user=16amz1@queensu.ca

[Sun Dec 17 16:24:27 2023]
Finished job 2.
1 of 8 steps (12%) done
Select jobs to execute...

[Sun Dec 17 16:24:27 2023]
rule makeMissingHists:
    input: results/1_qcGWAS/1_missing/plink.imiss, results/1_qcGWAS/1_missing/plink.lmiss
    output: results/1_qcGWAS/1_missing/imissHistPlot.pdf, results/1_qcGWAS/1_missing/lmissHistPlot.pdf
    log: logs/1_qcGWAS/1_missingHist.out, logs/1_qcGWAS/1_missingHist.err
    jobid: 1
    reason: Missing output files: results/1_qcGWAS/1_missing/lmissHistPlot.pdf, results/1_qcGWAS/1_missing/imissHistPlot.pdf; Input files updated by another job: results/1_qcGWAS/1_missing/plink.imiss, results/1_qcGWAS/1_missing/plink.lmiss
    threads: -1
    resources: tmpdir=/tmp, mem_mb=30000, mem_mib=28611, runtime=100, cpus_per_task=1, slurm_extra=--qos=privileged --mail-type=END,FAIL --mail-user=16amz1@queensu.ca

[Sun Dec 17 16:24:28 2023]
Finished job 5.
2 of 8 steps (25%) done
[Sun Dec 17 16:24:28 2023]
Finished job 6.
3 of 8 steps (38%) done
Select jobs to execute...
[Sun Dec 17 16:24:39 2023]
Finished job 1.
4 of 8 steps (50%) done

[Sun Dec 17 16:24:39 2023]
rule checkSex:
    input: results/1_qcGWAS/1_missing/HapMap_snp0.2.bed, results/1_qcGWAS/1_missing/HapMap_snp0.2.bim, results/1_qcGWAS/1_missing/HapMap_snp0.2.fam, results/1_qcGWAS/1_missing/HapMap_snp0.02.bed, results/1_qcGWAS/1_missing/HapMap_snp0.02.bim, results/1_qcGWAS/1_missing/HapMap_snp0.02.fam, results/1_qcGWAS/1_missing/HapMap_ind0.2.bed, results/1_qcGWAS/1_missing/HapMap_ind0.2.bim, results/1_qcGWAS/1_missing/HapMap_ind0.2.fam, results/1_qcGWAS/1_missing/HapMap_ind0.02.bed, results/1_qcGWAS/1_missing/HapMap_ind0.02.bim, results/1_qcGWAS/1_missing/HapMap_ind0.02.fam
    output: results/1_qcGWAS/2_checkSex/plink.sexcheck
    log: logs/1_qcGWAS/2_checkSex.out, logs/1_qcGWAS/2_checkSex.err
    jobid: 4
    reason: Missing output files: results/1_qcGWAS/2_checkSex/plink.sexcheck; Input files updated by another job: results/1_qcGWAS/1_missing/HapMap_ind0.2.fam, results/1_qcGWAS/1_missing/HapMap_snp0.02.fam, results/1_qcGWAS/1_missing/HapMap_ind0.02.bed, results/1_qcGWAS/1_missing/HapMap_ind0.02.bim, results/1_qcGWAS/1_missing/HapMap_snp0.2.bed, results/1_qcGWAS/1_missing/HapMap_ind0.2.bed, results/1_qcGWAS/1_missing/HapMap_snp0.02.bed, results/1_qcGWAS/1_missing/HapMap_ind0.2.bim, results/1_qcGWAS/1_missing/HapMap_snp0.2.bim, results/1_qcGWAS/1_missing/HapMap_ind0.02.fam, results/1_qcGWAS/1_missing/HapMap_snp0.02.bim, results/1_qcGWAS/1_missing/HapMap_snp0.2.fam
    threads: -1
    resources: tmpdir=/tmp, mem_mb=30000, mem_mib=28611, runtime=100, cpus_per_task=1, slurm_extra=--qos=privileged --mail-type=END,FAIL --mail-user=16amz1@queensu.ca


[Sun Dec 17 16:24:39 2023]
rule imputeSex:
    input: results/1_qcGWAS/1_missing/HapMap_snp0.2.bed, results/1_qcGWAS/1_missing/HapMap_snp0.2.bim, results/1_qcGWAS/1_missing/HapMap_snp0.2.fam, results/1_qcGWAS/1_missing/HapMap_snp0.02.bed, results/1_qcGWAS/1_missing/HapMap_snp0.02.bim, results/1_qcGWAS/1_missing/HapMap_snp0.02.fam, results/1_qcGWAS/1_missing/HapMap_ind0.2.bed, results/1_qcGWAS/1_missing/HapMap_ind0.2.bim, results/1_qcGWAS/1_missing/HapMap_ind0.2.fam, results/1_qcGWAS/1_missing/HapMap_ind0.02.bed, results/1_qcGWAS/1_missing/HapMap_ind0.02.bim, results/1_qcGWAS/1_missing/HapMap_ind0.02.fam
    output: results/1_qcGWAS/2_checkSex/HapMap_impSex.bed, results/1_qcGWAS/2_checkSex/HapMap_impSex.bim, results/1_qcGWAS/2_checkSex/HapMap_impSex.fam
    log: logs/1_qcGWAS/2_imputeSex.out, logs/1_qcGWAS/2_imputeSex.err
    jobid: 7
    reason: Missing output files: results/1_qcGWAS/2_checkSex/HapMap_impSex.bim, results/1_qcGWAS/2_checkSex/HapMap_impSex.bed, results/1_qcGWAS/2_checkSex/HapMap_impSex.fam; Input files updated by another job: results/1_qcGWAS/1_missing/HapMap_ind0.2.fam, results/1_qcGWAS/1_missing/HapMap_snp0.02.fam, results/1_qcGWAS/1_missing/HapMap_ind0.02.bed, results/1_qcGWAS/1_missing/HapMap_ind0.02.bim, results/1_qcGWAS/1_missing/HapMap_snp0.2.bed, results/1_qcGWAS/1_missing/HapMap_ind0.2.bed, results/1_qcGWAS/1_missing/HapMap_snp0.02.bed, results/1_qcGWAS/1_missing/HapMap_ind0.2.bim, results/1_qcGWAS/1_missing/HapMap_snp0.2.bim, results/1_qcGWAS/1_missing/HapMap_ind0.02.fam, results/1_qcGWAS/1_missing/HapMap_snp0.02.bim, results/1_qcGWAS/1_missing/HapMap_snp0.2.fam
    threads: -1
    resources: tmpdir=/tmp, mem_mb=30000, mem_mib=28611, runtime=100, cpus_per_task=1, slurm_extra=--qos=privileged --mail-type=END,FAIL --mail-user=16amz1@queensu.ca

[Sun Dec 17 16:24:45 2023]
Finished job 4.
5 of 8 steps (62%) done
Select jobs to execute...
[Sun Dec 17 16:24:45 2023]
Finished job 7.
6 of 8 steps (75%) done

[Sun Dec 17 16:24:45 2023]
rule checkSexHist:
    input: results/1_qcGWAS/2_checkSex/plink.sexcheck
    output: results/1_qcGWAS/2_checkSex/checkSexPlot.pdf
    log: logs/1_qcGWAS/2_checkSexPlot.out, logs/1_qcGWAS/2_checkSexPlot.err
    jobid: 3
    reason: Missing output files: results/1_qcGWAS/2_checkSex/checkSexPlot.pdf; Input files updated by another job: results/1_qcGWAS/2_checkSex/plink.sexcheck
    threads: -1
    resources: tmpdir=/tmp, mem_mb=30000, mem_mib=28611, runtime=100, cpus_per_task=1, slurm_extra=--qos=privileged --mail-type=END,FAIL --mail-user=16amz1@queensu.ca

[Sun Dec 17 16:24:51 2023]
Finished job 3.
7 of 8 steps (88%) done
Select jobs to execute...

[Sun Dec 17 16:24:51 2023]
localrule all:
    input: results/1_qcGWAS/1_missing/imissHistPlot.pdf, results/1_qcGWAS/1_missing/lmissHistPlot.pdf, results/1_qcGWAS/2_checkSex/checkSexPlot.pdf, results/1_qcGWAS/2_checkSex/HapMap_impSex.bed, results/1_qcGWAS/2_checkSex/HapMap_impSex.bim, results/1_qcGWAS/2_checkSex/HapMap_impSex.fam
    jobid: 0
    reason: Input files updated by another job: results/1_qcGWAS/2_checkSex/HapMap_impSex.bim, results/1_qcGWAS/2_checkSex/HapMap_impSex.bed, results/1_qcGWAS/2_checkSex/checkSexPlot.pdf, results/1_qcGWAS/1_missing/imissHistPlot.pdf, results/1_qcGWAS/2_checkSex/HapMap_impSex.fam, results/1_qcGWAS/1_missing/lmissHistPlot.pdf
    threads: -1
    resources: tmpdir=/tmp

[Sun Dec 17 16:24:51 2023]
Finished job 0.
8 of 8 steps (100%) done
Complete log: .snakemake/log/2023-12-17T162420.078847.snakemake.log
