Building DAG of jobs...
Using shell: /cvmfs/soft.computecanada.ca/gentoo/2020/bin/bash
Provided cores: 1 (use --cores to define parallelism)
Rules claiming more threads will be scaled down.
Job stats:
job          count    min threads    max threads
---------  -------  -------------  -------------
all              1              1              1
filterMAF        1              1              1
total            2              1              1

Select jobs to execute...

[Sun Dec 17 17:23:20 2023]
rule filterMAF:
    input: results/1_qcGWAS/3_filtSNPs/checkMAFPlot.pdf, results/1_qcGWAS/3_filtSNPs/HapMap_auto.bed, results/1_qcGWAS/3_filtSNPs/HapMap_auto.bim, results/1_qcGWAS/3_filtSNPs/HapMap_auto.fam
    output: results/1_qcGWAS/3_filtSNPs/HapMap_MAF.bed, results/1_qcGWAS/3_filtSNPs/HapMap_MAF.bim, results/1_qcGWAS/3_filtSNPs/HapMap_MAF.fam
    log: logs/1_qcGWAS/3_filterMAF.out, logs/1_qcGWAS/3_filterMAF.err
    jobid: 1
    reason: Missing output files: results/1_qcGWAS/3_filtSNPs/HapMap_MAF.bed, results/1_qcGWAS/3_filtSNPs/HapMap_MAF.bim, results/1_qcGWAS/3_filtSNPs/HapMap_MAF.fam
    resources: tmpdir=/tmp, mem_mb=30000, mem_mib=28611, runtime=100, cpus_per_task=1, slurm_extra=--qos=privileged --mail-type=END,FAIL --mail-user=16amz1@queensu.ca

[Sun Dec 17 17:23:28 2023]
Finished job 1.
1 of 2 steps (50%) done
Select jobs to execute...

[Sun Dec 17 17:23:28 2023]
localrule all:
    input: results/1_qcGWAS/3_filtSNPs/HapMap_MAF.bed, results/1_qcGWAS/3_filtSNPs/HapMap_MAF.bim, results/1_qcGWAS/3_filtSNPs/HapMap_MAF.fam
    jobid: 0
    reason: Input files updated by another job: results/1_qcGWAS/3_filtSNPs/HapMap_MAF.bim, results/1_qcGWAS/3_filtSNPs/HapMap_MAF.fam, results/1_qcGWAS/3_filtSNPs/HapMap_MAF.bed
    resources: tmpdir=/tmp

[Sun Dec 17 17:23:28 2023]
Finished job 0.
2 of 2 steps (100%) done
Complete log: .snakemake/log/2023-12-17T172320.383571.snakemake.log
