PLINK v1.90b6.21 64-bit (19 Oct 2020)
Options in effect:
  --bfile results/1_qcGWAS/5_het/HapMap_rmHet
  --filter-founders
  --make-bed
  --out results/1_qcGWAS/6_rel/HapMap_rmNonFounders

Hostname: caclogin03
Working directory: /global/home/hpc4920/mareesTutorialGWAS/workflow
Start time: Tue Dec 19 22:23:33 2023

Random number seed: 1703042613
161009 MB RAM detected; reserving 80504 MB for main workspace.
1092489 variants loaded from .bim file.
162 people (78 males, 84 females) loaded from .fam.
110 phenotype values loaded from .fam.
52 people removed due to founder status (--filter-founders).
Using 1 thread (no multithreaded calculations invoked).
Before main variant filters, 110 founders and 0 nonfounders present.
Calculating allele frequencies... done.
Total genotyping rate in remaining samples is 0.99752.
1092489 variants and 110 people pass filters and QC.
Among remaining phenotypes, 55 are cases and 55 are controls.
--make-bed to results/1_qcGWAS/6_rel/HapMap_rmNonFounders.bed +
results/1_qcGWAS/6_rel/HapMap_rmNonFounders.bim +
results/1_qcGWAS/6_rel/HapMap_rmNonFounders.fam ... done.

End time: Tue Dec 19 22:23:34 2023
